

Processing ApplicationController#index (for 127.0.0.1 at 2011-05-26 06:18:24) [GET]
  Session ID: 237d756002aabc95d36ca828ce0522a1
  Parameters: {}


ActionController::RoutingError (No route matches "/tickets" with {:method=>:get}):
    /usr/lib/ruby/gems/1.8/gems/actionpack-2.1.2/lib/action_controller/routing/recognition_optimisation.rb:67:in `recognize_path'
    /usr/lib/ruby/gems/1.8/gems/actionpack-2.1.2/lib/action_controller/routing/route_set.rb:385:in `recognize'
    /usr/lib/ruby/gems/1.8/gems/actionpack-2.1.2/lib/action_controller/dispatcher.rb:148:in `handle_request'
    /usr/lib/ruby/gems/1.8/gems/actionpack-2.1.2/lib/action_controller/dispatcher.rb:107:in `dispatch'
    /usr/lib/ruby/gems/1.8/gems/actionpack-2.1.2/lib/action_controller/dispatcher.rb:104:in `synchronize'
    /usr/lib/ruby/gems/1.8/gems/actionpack-2.1.2/lib/action_controller/dispatcher.rb:104:in `dispatch'
    /usr/lib/ruby/gems/1.8/gems/actionpack-2.1.2/lib/action_controller/dispatcher.rb:120:in `dispatch_cgi'
    /usr/lib/ruby/gems/1.8/gems/actionpack-2.1.2/lib/action_controller/dispatcher.rb:35:in `dispatch'
    /usr/lib/ruby/gems/1.8/gems/rails-2.1.2/lib/webrick_server.rb:112:in `handle_dispatch'
    /usr/lib/ruby/gems/1.8/gems/rails-2.1.2/lib/webrick_server.rb:78:in `service'
    /usr/lib/ruby/1.8/webrick/httpserver.rb:104:in `service'
    /usr/lib/ruby/1.8/webrick/httpserver.rb:65:in `run'
    /usr/lib/ruby/1.8/webrick/server.rb:173:in `start_thread'
    /usr/lib/ruby/1.8/webrick/server.rb:162:in `start'
    /usr/lib/ruby/1.8/webrick/server.rb:162:in `start_thread'
    /usr/lib/ruby/1.8/webrick/server.rb:95:in `start'
    /usr/lib/ruby/1.8/webrick/server.rb:92:in `each'
    /usr/lib/ruby/1.8/webrick/server.rb:92:in `start'
    /usr/lib/ruby/1.8/webrick/server.rb:23:in `start'
    /usr/lib/ruby/1.8/webrick/server.rb:82:in `start'
    /usr/lib/ruby/gems/1.8/gems/rails-2.1.2/lib/webrick_server.rb:62:in `dispatch'
    /usr/lib/ruby/gems/1.8/gems/rails-2.1.2/lib/commands/servers/webrick.rb:66
    /usr/lib/ruby/vendor_ruby/1.8/rubygems/custom_require.rb:29:in `gem_original_require'
    /usr/lib/ruby/vendor_ruby/1.8/rubygems/custom_require.rb:29:in `require'
    /usr/lib/ruby/gems/1.8/gems/activesupport-2.1.2/lib/active_support/dependencies.rb:510:in `require'
    /usr/lib/ruby/gems/1.8/gems/activesupport-2.1.2/lib/active_support/dependencies.rb:355:in `new_constants_in'
    /usr/lib/ruby/gems/1.8/gems/activesupport-2.1.2/lib/active_support/dependencies.rb:510:in `require'
    /usr/lib/ruby/gems/1.8/gems/rails-2.1.2/lib/commands/server.rb:39
    /usr/lib/ruby/vendor_ruby/1.8/rubygems/custom_require.rb:29:in `gem_original_require'
    /usr/lib/ruby/vendor_ruby/1.8/rubygems/custom_require.rb:29:in `require'
    script/server:3

Rendering /usr/lib/ruby/gems/1.8/gems/actionpack-2.1.2/lib/action_controller/templates/rescues/layout.erb (not_found)


Processing TicketsController#index (for 127.0.0.1 at 2011-05-26 06:20:46) [GET]
  Session ID: BAh7BiIKZmxhc2hJQzonQWN0aW9uQ29udHJvbGxlcjo6Rmxhc2g6OkZsYXNo
SGFzaHsABjoKQHVzZWR7AA==--606cbd701b78acdefffe59f1eff6ff515f08a92e
  Parameters: {"action"=>"index", "controller"=>"tickets"}
  [4;36;1mTicket Load (0.000000)[0m   [0;1mSQLite3::SQLException: no such table: tickets: SELECT * FROM "tickets" [0m


ActiveRecord::StatementInvalid (SQLite3::SQLException: no such table: tickets: SELECT * FROM "tickets"     ):
    /usr/lib/ruby/gems/1.8/gems/activerecord-2.1.2/lib/active_record/connection_adapters/abstract_adapter.rb:147:in `log'
    /usr/lib/ruby/gems/1.8/gems/activerecord-2.1.2/lib/active_record/connection_adapters/sqlite_adapter.rb:132:in `execute'
    /usr/lib/ruby/gems/1.8/gems/activerecord-2.1.2/lib/active_record/connection_adapters/sqlite_adapter.rb:372:in `catch_schema_changes'
    /usr/lib/ruby/gems/1.8/gems/activerecord-2.1.2/lib/active_record/connection_adapters/sqlite_adapter.rb:132:in `execute'
    /usr/lib/ruby/gems/1.8/gems/activerecord-2.1.2/lib/active_record/connection_adapters/sqlite_adapter.rb:275:in `select'
    /usr/lib/ruby/gems/1.8/gems/activerecord-2.1.2/lib/active_record/connection_adapters/abstract/database_statements.rb:7:in `select_all_without_query_cache'
    /usr/lib/ruby/gems/1.8/gems/activerecord-2.1.2/lib/active_record/connection_adapters/abstract/query_cache.rb:59:in `select_all'
    /usr/lib/ruby/gems/1.8/gems/activerecord-2.1.2/lib/active_record/connection_adapters/abstract/query_cache.rb:80:in `cache_sql'
    /usr/lib/ruby/gems/1.8/gems/activerecord-2.1.2/lib/active_record/connection_adapters/abstract/query_cache.rb:59:in `select_all'
    /usr/lib/ruby/gems/1.8/gems/activerecord-2.1.2/lib/active_record/base.rb:586:in `find_by_sql'
    /usr/lib/ruby/gems/1.8/gems/activerecord-2.1.2/lib/active_record/base.rb:1345:in `find_every'
    /usr/lib/ruby/gems/1.8/gems/activerecord-2.1.2/lib/active_record/base.rb:540:in `find'
    /app/controllers/tickets_controller.rb:5:in `index'
    /usr/lib/ruby/gems/1.8/gems/actionpack-2.1.2/lib/action_controller/base.rb:1166:in `send'
    /usr/lib/ruby/gems/1.8/gems/actionpack-2.1.2/lib/action_controller/base.rb:1166:in `perform_action_without_filters'
    /usr/lib/ruby/gems/1.8/gems/actionpack-2.1.2/lib/action_controller/filters.rb:579:in `call_filters'
    /usr/lib/ruby/gems/1.8/gems/actionpack-2.1.2/lib/action_controller/filters.rb:572:in `perform_action_without_benchmark'
    /usr/lib/ruby/gems/1.8/gems/actionpack-2.1.2/lib/action_controller/benchmarking.rb:68:in `perform_action_without_rescue'
    /usr/lib/ruby/1.8/benchmark.rb:293:in `measure'
    /usr/lib/ruby/gems/1.8/gems/actionpack-2.1.2/lib/action_controller/benchmarking.rb:68:in `perform_action_without_rescue'
    /usr/lib/ruby/gems/1.8/gems/actionpack-2.1.2/lib/action_controller/rescue.rb:201:in `perform_action_without_caching'
    /usr/lib/ruby/gems/1.8/gems/actionpack-2.1.2/lib/action_controller/caching/sql_cache.rb:13:in `perform_action'
    /usr/lib/ruby/gems/1.8/gems/activerecord-2.1.2/lib/active_record/connection_adapters/abstract/query_cache.rb:33:in `cache'
    /usr/lib/ruby/gems/1.8/gems/activerecord-2.1.2/lib/active_record/query_cache.rb:8:in `cache'
    /usr/lib/ruby/gems/1.8/gems/actionpack-2.1.2/lib/action_controller/caching/sql_cache.rb:12:in `perform_action'
    /usr/lib/ruby/gems/1.8/gems/actionpack-2.1.2/lib/action_controller/base.rb:529:in `send'
    /usr/lib/ruby/gems/1.8/gems/actionpack-2.1.2/lib/action_controller/base.rb:529:in `process_without_filters'
    /usr/lib/ruby/gems/1.8/gems/actionpack-2.1.2/lib/action_controller/filters.rb:568:in `process_without_session_management_support'
    /usr/lib/ruby/gems/1.8/gems/actionpack-2.1.2/lib/action_controller/session_management.rb:130:in `process'
    /usr/lib/ruby/gems/1.8/gems/actionpack-2.1.2/lib/action_controller/base.rb:389:in `process'
    /usr/lib/ruby/gems/1.8/gems/actionpack-2.1.2/lib/action_controller/dispatcher.rb:149:in `handle_request'
    /usr/lib/ruby/gems/1.8/gems/actionpack-2.1.2/lib/action_controller/dispatcher.rb:107:in `dispatch'
    /usr/lib/ruby/gems/1.8/gems/actionpack-2.1.2/lib/action_controller/dispatcher.rb:104:in `synchronize'
    /usr/lib/ruby/gems/1.8/gems/actionpack-2.1.2/lib/action_controller/dispatcher.rb:104:in `dispatch'
    /usr/lib/ruby/gems/1.8/gems/actionpack-2.1.2/lib/action_controller/dispatcher.rb:120:in `dispatch_cgi'
    /usr/lib/ruby/gems/1.8/gems/actionpack-2.1.2/lib/action_controller/dispatcher.rb:35:in `dispatch'
    /usr/lib/ruby/gems/1.8/gems/rails-2.1.2/lib/webrick_server.rb:112:in `handle_dispatch'
    /usr/lib/ruby/gems/1.8/gems/rails-2.1.2/lib/webrick_server.rb:78:in `service'
    /usr/lib/ruby/1.8/webrick/httpserver.rb:104:in `service'
    /usr/lib/ruby/1.8/webrick/httpserver.rb:65:in `run'
    /usr/lib/ruby/1.8/webrick/server.rb:173:in `start_thread'
    /usr/lib/ruby/1.8/webrick/server.rb:162:in `start'
    /usr/lib/ruby/1.8/webrick/server.rb:162:in `start_thread'
    /usr/lib/ruby/1.8/webrick/server.rb:95:in `start'
    /usr/lib/ruby/1.8/webrick/server.rb:92:in `each'
    /usr/lib/ruby/1.8/webrick/server.rb:92:in `start'
    /usr/lib/ruby/1.8/webrick/server.rb:23:in `start'
    /usr/lib/ruby/1.8/webrick/server.rb:82:in `start'
    /usr/lib/ruby/gems/1.8/gems/rails-2.1.2/lib/webrick_server.rb:62:in `dispatch'
    /usr/lib/ruby/gems/1.8/gems/rails-2.1.2/lib/commands/servers/webrick.rb:66
    /usr/lib/ruby/vendor_ruby/1.8/rubygems/custom_require.rb:29:in `gem_original_require'
    /usr/lib/ruby/vendor_ruby/1.8/rubygems/custom_require.rb:29:in `require'
    /usr/lib/ruby/gems/1.8/gems/activesupport-2.1.2/lib/active_support/dependencies.rb:510:in `require'
    /usr/lib/ruby/gems/1.8/gems/activesupport-2.1.2/lib/active_support/dependencies.rb:355:in `new_constants_in'
    /usr/lib/ruby/gems/1.8/gems/activesupport-2.1.2/lib/active_support/dependencies.rb:510:in `require'
    /usr/lib/ruby/gems/1.8/gems/rails-2.1.2/lib/commands/server.rb:39
    /usr/lib/ruby/vendor_ruby/1.8/rubygems/custom_require.rb:29:in `gem_original_require'
    /usr/lib/ruby/vendor_ruby/1.8/rubygems/custom_require.rb:29:in `require'
    script/server:3

Rendering /usr/lib/ruby/gems/1.8/gems/actionpack-2.1.2/lib/action_controller/templates/rescues/layout.erb (internal_server_error)
  [4;36;1mSQL (0.000337)[0m   [0;1m SELECT name
 FROM sqlite_master
 WHERE type = 'table' AND NOT name = 'sqlite_sequence'
[0m
  [4;35;1mSQL (0.000080)[0m   [0mselect sqlite_version(*)[0m
  [4;36;1mSQL (0.131255)[0m   [0;1mCREATE TABLE "schema_migrations" ("version" varchar(255) NOT NULL) [0m
  [4;35;1mSQL (0.069707)[0m   [0mCREATE UNIQUE INDEX "unique_schema_migrations" ON "schema_migrations" ("version")[0m
  [4;36;1mSQL (0.000112)[0m   [0;1m SELECT name
 FROM sqlite_master
 WHERE type = 'table' AND NOT name = 'sqlite_sequence'
[0m
  [4;35;1mSQL (0.000087)[0m   [0mSELECT version FROM schema_migrations[0m
Migrating to CreateTickets (20110526005022)
  [4;36;1mSQL (0.087416)[0m   [0;1mCREATE TABLE "tickets" ("id" INTEGER PRIMARY KEY AUTOINCREMENT NOT NULL, "name" varchar(255), "seat_id_seq" varchar(255), "address" text, "price_paid" decimal, "email_address" varchar(255), "created_at" datetime, "updated_at" datetime) [0m
  [4;35;1mSQL (0.087626)[0m   [0mINSERT INTO schema_migrations (version) VALUES ('20110526005022')[0m
  [4;36;1mSQL (0.000463)[0m   [0;1m SELECT name
 FROM sqlite_master
 WHERE type = 'table' AND NOT name = 'sqlite_sequence'
[0m
  [4;35;1mSQL (0.000233)[0m   [0mSELECT version FROM schema_migrations[0m
  [4;36;1mSQL (0.000290)[0m   [0;1m SELECT name
 FROM sqlite_master
 WHERE type = 'table' AND NOT name = 'sqlite_sequence'
[0m
  [4;35;1mSQL (0.000040)[0m   [0mPRAGMA index_list("tickets")[0m


Processing TicketsController#index (for 127.0.0.1 at 2011-05-26 06:21:19) [GET]
  Session ID: BAh7BiIKZmxhc2hJQzonQWN0aW9uQ29udHJvbGxlcjo6Rmxhc2g6OkZsYXNo
SGFzaHsABjoKQHVzZWR7AA==--606cbd701b78acdefffe59f1eff6ff515f08a92e
  Parameters: {"action"=>"index", "controller"=>"tickets"}
  [4;36;1mTicket Load (0.000509)[0m   [0;1mSELECT * FROM "tickets" [0m
Rendering template within layouts/tickets
Rendering tickets/index
Completed in 0.00826 (121 reqs/sec) | Rendering: 0.00234 (28%) | DB: 0.00051 (6%) | 200 OK [http://localhost/tickets]


Processing TicketsController#new (for 127.0.0.1 at 2011-05-26 06:21:22) [GET]
  Session ID: BAh7BiIKZmxhc2hJQzonQWN0aW9uQ29udHJvbGxlcjo6Rmxhc2g6OkZsYXNo
SGFzaHsABjoKQHVzZWR7AA==--606cbd701b78acdefffe59f1eff6ff515f08a92e
  Parameters: {"action"=>"new", "controller"=>"tickets"}
Rendering template within layouts/tickets
Rendering tickets/new
Completed in 0.00910 (109 reqs/sec) | Rendering: 0.00491 (54%) | DB: 0.00000 (0%) | 200 OK [http://localhost/tickets/new]


Processing TicketsController#create (for 127.0.0.1 at 2011-05-26 06:21:48) [POST]
  Session ID: BAh7BzoMY3NyZl9pZCIlYmE1NTBmNGQxMDFlZmZiMjhlNjQyNDBkZDliZTRi
N2YiCmZsYXNoSUM6J0FjdGlvbkNvbnRyb2xsZXI6OkZsYXNoOjpGbGFzaEhh
c2h7AAY6CkB1c2VkewA=--51d9dcca1f23391b635cebd8b9273ce684101caf
  Parameters: {"commit"=>"Create", "ticket"=>{"name"=>"pranjal", "address"=>"swagat bungalow -1", "seat_id_seq"=>"1", "price_paid"=>"5000.00", "email_address"=>"pranjalverma02@gmail.com"}, "authenticity_token"=>"c90c7437b3892b1d8cbbd15eae44d087c05cca3f", "action"=>"create", "controller"=>"tickets"}
  [4;35;1mTicket Create (0.000392)[0m   [0mINSERT INTO "tickets" ("name", "address", "seat_id_seq", "created_at", "updated_at", "price_paid", "email_address") VALUES('pranjal', 'swagat bungalow -1', '1', '2011-05-26 00:51:48', '2011-05-26 00:51:48', 5000.0, 'pranjalverma02@gmail.com')[0m
Redirected to http://localhost:3000/tickets/1
Completed in 0.10787 (9 reqs/sec) | DB: 0.00039 (0%) | 302 Found [http://localhost/tickets]


Processing TicketsController#show (for 127.0.0.1 at 2011-05-26 06:21:48) [GET]
  Session ID: BAh7BzoMY3NyZl9pZCIlYmE1NTBmNGQxMDFlZmZiMjhlNjQyNDBkZDliZTRi
N2YiCmZsYXNoSUM6J0FjdGlvbkNvbnRyb2xsZXI6OkZsYXNoOjpGbGFzaEhh
c2h7BjoLbm90aWNlIiVUaWNrZXQgd2FzIHN1Y2Nlc3NmdWxseSBjcmVhdGVk
LgY6CkB1c2VkewY7B0Y=--e3a097facace0dc268b5ed0a5b8bc7b6a03bc8a3
  Parameters: {"action"=>"show", "id"=>"1", "controller"=>"tickets"}
  [4;36;1mTicket Load (0.000258)[0m   [0;1mSELECT * FROM "tickets" WHERE ("tickets"."id" = 1) [0m
Rendering template within layouts/tickets
Rendering tickets/show
Completed in 0.00952 (105 reqs/sec) | Rendering: 0.00305 (32%) | DB: 0.00026 (2%) | 200 OK [http://localhost/tickets/1]


Processing TicketsController#edit (for 127.0.0.1 at 2011-05-26 06:22:06) [GET]
  Session ID: BAh7BzoMY3NyZl9pZCIlYmE1NTBmNGQxMDFlZmZiMjhlNjQyNDBkZDliZTRi
N2YiCmZsYXNoSUM6J0FjdGlvbkNvbnRyb2xsZXI6OkZsYXNoOjpGbGFzaEhh
c2h7BjoLbm90aWNlIiVUaWNrZXQgd2FzIHN1Y2Nlc3NmdWxseSBjcmVhdGVk
LgY6CkB1c2VkewY7B1Q=--8f5f77a9bccbe99f39f9b47228529e1ff8abed97
  Parameters: {"action"=>"edit", "id"=>"1", "controller"=>"tickets"}
  [4;35;1mTicket Load (0.000166)[0m   [0mSELECT * FROM "tickets" WHERE ("tickets"."id" = 1) [0m
Rendering template within layouts/tickets
Rendering tickets/edit
Completed in 0.01010 (98 reqs/sec) | Rendering: 0.00574 (56%) | DB: 0.00017 (1%) | 200 OK [http://localhost/tickets/1/edit]


Processing TicketsController#update (for 127.0.0.1 at 2011-05-26 06:22:10) [PUT]
  Session ID: BAh7BzoMY3NyZl9pZCIlYmE1NTBmNGQxMDFlZmZiMjhlNjQyNDBkZDliZTRi
N2YiCmZsYXNoSUM6J0FjdGlvbkNvbnRyb2xsZXI6OkZsYXNoOjpGbGFzaEhh
c2h7AAY6CkB1c2VkewA=--51d9dcca1f23391b635cebd8b9273ce684101caf
  Parameters: {"commit"=>"Update", "ticket"=>{"name"=>"pranjal", "address"=>"swagat bungalow -1", "seat_id_seq"=>"1", "price_paid"=>"5000", "email_address"=>"pranjalverma02@gmail.com"}, "authenticity_token"=>"c90c7437b3892b1d8cbbd15eae44d087c05cca3f", "_method"=>"put", "action"=>"update", "id"=>"1", "controller"=>"tickets"}
  [4;36;1mTicket Load (0.000151)[0m   [0;1mSELECT * FROM "tickets" WHERE ("tickets"."id" = 1) [0m
Redirected to http://localhost:3000/tickets/1
Completed in 0.00652 (153 reqs/sec) | DB: 0.00015 (2%) | 302 Found [http://localhost/tickets/1]


Processing TicketsController#show (for 127.0.0.1 at 2011-05-26 06:22:10) [GET]
  Session ID: BAh7BzoMY3NyZl9pZCIlYmE1NTBmNGQxMDFlZmZiMjhlNjQyNDBkZDliZTRi
N2YiCmZsYXNoSUM6J0FjdGlvbkNvbnRyb2xsZXI6OkZsYXNoOjpGbGFzaEhh
c2h7BjoLbm90aWNlIiVUaWNrZXQgd2FzIHN1Y2Nlc3NmdWxseSB1cGRhdGVk
LgY6CkB1c2VkewY7B0Y=--cece62842d101c485b35b69d7ce20f608850a711
  Parameters: {"action"=>"show", "id"=>"1", "controller"=>"tickets"}
  [4;35;1mTicket Load (0.000187)[0m   [0mSELECT * FROM "tickets" WHERE ("tickets"."id" = 1) [0m
Rendering template within layouts/tickets
Rendering tickets/show
Completed in 0.00787 (127 reqs/sec) | Rendering: 0.00221 (28%) | DB: 0.00019 (2%) | 200 OK [http://localhost/tickets/1]


Processing TicketsController#index (for 127.0.0.1 at 2011-05-26 06:22:21) [GET]
  Session ID: BAh7BzoMY3NyZl9pZCIlYmE1NTBmNGQxMDFlZmZiMjhlNjQyNDBkZDliZTRi
N2YiCmZsYXNoSUM6J0FjdGlvbkNvbnRyb2xsZXI6OkZsYXNoOjpGbGFzaEhh
c2h7BjoLbm90aWNlIiVUaWNrZXQgd2FzIHN1Y2Nlc3NmdWxseSB1cGRhdGVk
LgY6CkB1c2VkewY7B1Q=--aa977bfaf2573030b20ef6d2441a173a237a4e93
  Parameters: {"action"=>"index", "controller"=>"tickets"}
  [4;36;1mTicket Load (0.000363)[0m   [0;1mSELECT * FROM "tickets" [0m
Rendering template within layouts/tickets
Rendering tickets/index
Completed in 0.00681 (146 reqs/sec) | Rendering: 0.00264 (38%) | DB: 0.00036 (5%) | 200 OK [http://localhost/tickets]


Processing TicketsController#show (for 127.0.0.1 at 2011-05-26 06:22:32) [GET]
  Session ID: BAh7BzoMY3NyZl9pZCIlYmE1NTBmNGQxMDFlZmZiMjhlNjQyNDBkZDliZTRi
N2YiCmZsYXNoSUM6J0FjdGlvbkNvbnRyb2xsZXI6OkZsYXNoOjpGbGFzaEhh
c2h7AAY6CkB1c2VkewA=--51d9dcca1f23391b635cebd8b9273ce684101caf
  Parameters: {"action"=>"show", "id"=>"1", "controller"=>"tickets"}
  [4;35;1mTicket Load (0.000195)[0m   [0mSELECT * FROM "tickets" WHERE ("tickets"."id" = 1) [0m
Rendering template within layouts/tickets
Rendering tickets/show
Completed in 0.01008 (99 reqs/sec) | Rendering: 0.00195 (19%) | DB: 0.00020 (1%) | 200 OK [http://localhost/tickets/1]


Processing TicketsController#index (for 127.0.0.1 at 2011-05-26 06:22:34) [GET]
  Session ID: BAh7BzoMY3NyZl9pZCIlYmE1NTBmNGQxMDFlZmZiMjhlNjQyNDBkZDliZTRi
N2YiCmZsYXNoSUM6J0FjdGlvbkNvbnRyb2xsZXI6OkZsYXNoOjpGbGFzaEhh
c2h7AAY6CkB1c2VkewA=--51d9dcca1f23391b635cebd8b9273ce684101caf
  Parameters: {"action"=>"index", "controller"=>"tickets"}
  [4;36;1mTicket Load (0.000417)[0m   [0;1mSELECT * FROM "tickets" [0m
Rendering template within layouts/tickets
Rendering tickets/index
Completed in 0.05111 (19 reqs/sec) | Rendering: 0.00266 (5%) | DB: 0.00042 (0%) | 200 OK [http://localhost/tickets]
